# JRE version: Java(TM) SE Runtime Environment (8.0_112-b15) (build 1.8.0_112-b15)
# Java VM: Java HotSpot(TM) 64-Bit Server VM (25.112-b15 mixed mode linux-amd64 compressed oops)
Heap:
 PSYoungGen      total 153088K, used 38716K [0x00000000eab00000, 0x00000000f5580000, 0x0000000100000000)
  eden space 131584K, 29% used [0x00000000eab00000,0x00000000ed0cf290,0x00000000f2b80000)
  from space 21504K, 0% used [0x00000000f2b80000,0x00000000f2b80000,0x00000000f4080000)
  to   space 21504K, 0% used [0x00000000f4080000,0x00000000f4080000,0x00000000f5580000)
 ParOldGen       total 349696K, used 21735K [0x00000000c0000000, 0x00000000d5580000, 0x00000000eab00000)
  object space 349696K, 6% used [0x00000000c0000000,0x00000000c1539d58,0x00000000d5580000)
 Metaspace       used 42209K, capacity 45262K, committed 45440K, reserved 1089536K
  class space    used 5058K, capacity 6000K, committed 6016K, reserved 1048576K
GC Heap History (10 events):
Event: 6.070 GC heap before
{Heap before GC invocations=1 (full 0):
 PSYoungGen      total 153088K, used 131584K [0x00000000eab00000, 0x00000000f5580000, 0x0000000100000000)
  eden space 131584K, 100% used [0x00000000eab00000,0x00000000f2b80000,0x00000000f2b80000)
  from space 21504K, 0% used [0x00000000f4080000,0x00000000f4080000,0x00000000f5580000)
  to   space 21504K, 0% used [0x00000000f2b80000,0x00000000f2b80000,0x00000000f4080000)
 ParOldGen       total 349696K, used 0K [0x00000000c0000000, 0x00000000d5580000, 0x00000000eab00000)
  object space 349696K, 0% used [0x00000000c0000000,0x00000000c0000000,0x00000000d5580000)
 Metaspace       used 12859K, capacity 13550K, committed 13824K, reserved 1060864K
  class space    used 1304K, capacity 1499K, committed 1536K, reserved 1048576K
Event: 6.085 GC heap after
Heap after GC invocations=1 (full 0):
 PSYoungGen      total 153088K, used 20931K [0x00000000eab00000, 0x00000000f5580000, 0x0000000100000000)
  eden space 131584K, 0% used [0x00000000eab00000,0x00000000eab00000,0x00000000f2b80000)
  from space 21504K, 97% used [0x00000000f2b80000,0x00000000f3ff0f70,0x00000000f4080000)
  to   space 21504K, 0% used [0x00000000f4080000,0x00000000f4080000,0x00000000f5580000)
 ParOldGen       total 349696K, used 88K [0x00000000c0000000, 0x00000000d5580000, 0x00000000eab00000)
  object space 349696K, 0% used [0x00000000c0000000,0x00000000c0016010,0x00000000d5580000)
 Metaspace       used 12859K, capacity 13550K, committed 13824K, reserved 1060864K
  class space    used 1304K, capacity 1499K, committed 1536K, reserved 1048576K
}
Event: 30.131 GC heap before
{Heap before GC invocations=2 (full 0):
 PSYoungGen      total 153088K, used 85402K [0x00000000eab00000, 0x00000000f5580000, 0x0000000100000000)
  eden space 131584K, 48% used [0x00000000eab00000,0x00000000ee9f5980,0x00000000f2b80000)
  from space 21504K, 97% used [0x00000000f2b80000,0x00000000f3ff0f70,0x00000000f4080000)
  to   space 21504K, 0% used [0x00000000f4080000,0x00000000f4080000,0x00000000f5580000)
 ParOldGen       total 349696K, used 88K [0x00000000c0000000, 0x00000000d5580000, 0x00000000eab00000)
  object space 349696K, 0% used [0x00000000c0000000,0x00000000c0016010,0x00000000d5580000)
 Metaspace       used 19441K, capacity 21164K, committed 21296K, reserved 1069056K
  class space    used 2068K, capacity 2637K, committed 2688K, reserved 1048576K
Event: 30.144 GC heap after
Heap after GC invocations=2 (full 0):
 PSYoungGen      total 153088K, used 17602K [0x00000000eab00000, 0x00000000f5580000, 0x0000000100000000)
  eden space 131584K, 0% used [0x00000000eab00000,0x00000000eab00000,0x00000000f2b80000)
  from space 21504K, 81% used [0x00000000f4080000,0x00000000f51b0ae0,0x00000000f5580000)
  to   space 21504K, 0% used [0x00000000f2b80000,0x00000000f2b80000,0x00000000f4080000)
 ParOldGen       total 349696K, used 104K [0x00000000c0000000, 0x00000000d5580000, 0x00000000eab00000)
  object space 349696K, 0% used [0x00000000c0000000,0x00000000c001a010,0x00000000d5580000)
 Metaspace       used 19441K, capacity 21164K, committed 21296K, reserved 1069056K
  class space    used 2068K, capacity 2637K, committed 2688K, reserved 1048576K
}
Event: 30.144 GC heap before
{Heap before GC invocations=3 (full 1):
 PSYoungGen      total 153088K, used 17602K [0x00000000eab00000, 0x00000000f5580000, 0x0000000100000000)
  eden space 131584K, 0% used [0x00000000eab00000,0x00000000eab00000,0x00000000f2b80000)
  from space 21504K, 81% used [0x00000000f4080000,0x00000000f51b0ae0,0x00000000f5580000)
  to   space 21504K, 0% used [0x00000000f2b80000,0x00000000f2b80000,0x00000000f4080000)
 ParOldGen       total 349696K, used 104K [0x00000000c0000000, 0x00000000d5580000, 0x00000000eab00000)
  object space 349696K, 0% used [0x00000000c0000000,0x00000000c001a010,0x00000000d5580000)
 Metaspace       used 19441K, capacity 21164K, committed 21296K, reserved 1069056K
  class space    used 2068K, capacity 2637K, committed 2688K, reserved 1048576K
Event: 30.186 GC heap after
Heap after GC invocations=3 (full 1):
 PSYoungGen      total 153088K, used 0K [0x00000000eab00000, 0x00000000f5580000, 0x0000000100000000)
  eden space 131584K, 0% used [0x00000000eab00000,0x00000000eab00000,0x00000000f2b80000)
  from space 21504K, 0% used [0x00000000f4080000,0x00000000f4080000,0x00000000f5580000)
  to   space 21504K, 0% used [0x00000000f2b80000,0x00000000f2b80000,0x00000000f4080000)
 ParOldGen       total 349696K, used 16994K [0x00000000c0000000, 0x00000000d5580000, 0x00000000eab00000)
  object space 349696K, 4% used [0x00000000c0000000,0x00000000c10989f0,0x00000000d5580000)
 Metaspace       used 19441K, capacity 21164K, committed 21296K, reserved 1069056K
  class space    used 2068K, capacity 2637K, committed 2688K, reserved 1048576K
}
Event: 32.890 GC heap before
{Heap before GC invocations=4 (full 1):
 PSYoungGen      total 153088K, used 54050K [0x00000000eab00000, 0x00000000f5580000, 0x0000000100000000)
  eden space 131584K, 41% used [0x00000000eab00000,0x00000000edfc89e8,0x00000000f2b80000)
  from space 21504K, 0% used [0x00000000f4080000,0x00000000f4080000,0x00000000f5580000)
  to   space 21504K, 0% used [0x00000000f2b80000,0x00000000f2b80000,0x00000000f4080000)
 ParOldGen       total 349696K, used 16994K [0x00000000c0000000, 0x00000000d5580000, 0x00000000eab00000)
  object space 349696K, 4% used [0x00000000c0000000,0x00000000c10989f0,0x00000000d5580000)
 Metaspace       used 32526K, capacity 35422K, committed 35456K, reserved 1079296K
  class space    used 3873K, capacity 4706K, committed 4736K, reserved 1048576K
Event: 32.898 GC heap after
Heap after GC invocations=4 (full 1):
 PSYoungGen      total 153088K, used 13517K [0x00000000eab00000, 0x00000000f5580000, 0x0000000100000000)
  eden space 131584K, 0% used [0x00000000eab00000,0x00000000eab00000,0x00000000f2b80000)
  from space 21504K, 62% used [0x00000000f2b80000,0x00000000f38b34e8,0x00000000f4080000)
  to   space 21504K, 0% used [0x00000000f4080000,0x00000000f4080000,0x00000000f5580000)
 ParOldGen       total 349696K, used 17002K [0x00000000c0000000, 0x00000000d5580000, 0x00000000eab00000)
  object space 349696K, 4% used [0x00000000c0000000,0x00000000c109a9f0,0x00000000d5580000)
 Metaspace       used 32526K, capacity 35422K, committed 35456K, reserved 1079296K
  class space    used 3873K, capacity 4706K, committed 4736K, reserved 1048576K
}
Event: 32.898 GC heap before
{Heap before GC invocations=5 (full 2):
 PSYoungGen      total 153088K, used 13517K [0x00000000eab00000, 0x00000000f5580000, 0x0000000100000000)
  eden space 131584K, 0% used [0x00000000eab00000,0x00000000eab00000,0x00000000f2b80000)
  from space 21504K, 62% used [0x00000000f2b80000,0x00000000f38b34e8,0x00000000f4080000)
  to   space 21504K, 0% used [0x00000000f4080000,0x00000000f4080000,0x00000000f5580000)
 ParOldGen       total 349696K, used 17002K [0x00000000c0000000, 0x00000000d5580000, 0x00000000eab00000)
  object space 349696K, 4% used [0x00000000c0000000,0x00000000c109a9f0,0x00000000d5580000)
 Metaspace       used 32526K, capacity 35422K, committed 35456K, reserved 1079296K
  class space    used 3873K, capacity 4706K, committed 4736K, reserved 1048576K
Event: 32.936 GC heap after
Heap after GC invocations=5 (full 2):
 PSYoungGen      total 153088K, used 0K [0x00000000eab00000, 0x00000000f5580000, 0x0000000100000000)
  eden space 131584K, 0% used [0x00000000eab00000,0x00000000eab00000,0x00000000f2b80000)
  from space 21504K, 0% used [0x00000000f2b80000,0x00000000f2b80000,0x00000000f4080000)
  to   space 21504K, 0% used [0x00000000f4080000,0x00000000f4080000,0x00000000f5580000)
 ParOldGen       total 349696K, used 21735K [0x00000000c0000000, 0x00000000d5580000, 0x00000000eab00000)
  object space 349696K, 6% used [0x00000000c0000000,0x00000000c1539d58,0x00000000d5580000)
 Metaspace       used 32526K, capacity 35422K, committed 35456K, reserved 1079296K
  class space    used 3873K, capacity 4706K, committed 4736K, reserved 1048576K
}

